<?xml version="1.0" encoding="UTF-8"?>
<testng-results skipped="4" failed="2" total="6" passed="0">
  <reporter-output>
  </reporter-output>
  <suite name="InputFormSuite" duration-ms="40377" started-at="2018-11-18T12:10:04Z" finished-at="2018-11-18T12:10:44Z">
    <groups>
    </groups>
    <test name="SimpleFormTest1" duration-ms="40377" started-at="2018-11-18T12:10:04Z" finished-at="2018-11-18T12:10:44Z">
      <class name="com.SeleniumEasy.InputFormTest">
        <test-method status="PASS" signature="methodSetup(java.lang.reflect.Method)[pri:0, instance:com.SeleniumEasy.InputFormTest@97e1986]" name="methodSetup" is-config="true" duration-ms="29755" started-at="2018-11-18T17:40:04Z" finished-at="2018-11-18T17:40:34Z">
          <params>
            <param index="0">
              <value>
                <![CDATA[public void com.SeleniumEasy.InputFormTest.verifyBulletPoints_1stBox() throws java.lang.Exception]]>
              </value>
            </param>
          </params>
          <reporter-output>
          </reporter-output>
        </test-method> <!-- methodSetup -->
        <test-method status="FAIL" signature="verifyBulletPoints_1stBox()[pri:0, instance:com.SeleniumEasy.InputFormTest@97e1986]" name="verifyBulletPoints_1stBox" duration-ms="2392" started-at="2018-11-18T17:40:34Z" finished-at="2018-11-18T17:40:36Z">
          <exception class="org.openqa.selenium.NoSuchSessionException">
            <message>
              <![CDATA[no such session
  (Driver info: chromedriver=2.38.552522 (437e6fbedfa8762dec75e2c5b3ddb86763dc9dcb),platform=Windows NT 10.0.17134 x86_64) (WARNING: The server did not provide any stacktrace information)
Command duration or timeout: 0 milliseconds
Build info: version: '3.13.0', revision: '2f0d292', time: '2018-06-25T15:24:21.231Z'
System info: host: 'YOGESH', ip: '192.168.0.109', os.name: 'Windows 10', os.arch: 'amd64', os.version: '10.0', java.version: '1.8.0_161'
Driver info: org.openqa.selenium.chrome.ChromeDriver
Capabilities {acceptInsecureCerts: false, acceptSslCerts: false, applicationCacheEnabled: false, browserConnectionEnabled: false, browserName: chrome, chrome: {chromedriverVersion: 2.38.552522 (437e6fbedfa876..., userDataDir: C:\Users\Nitesh\AppData\Loc...}, cssSelectorsEnabled: true, databaseEnabled: false, handlesAlerts: true, hasTouchScreen: false, javascriptEnabled: true, locationContextEnabled: true, mobileEmulationEnabled: false, nativeEvents: true, networkConnectionEnabled: false, pageLoadStrategy: normal, platform: XP, platformName: XP, rotatable: false, setWindowRect: true, takesHeapSnapshot: true, takesScreenshot: true, unexpectedAlertBehaviour: , unhandledPromptBehavior: , version: 70.0.3538.102, webStorageEnabled: true}
Session ID: 4ec60c047fdf6a5c0b51ccecf483e155]]>
            </message>
            <full-stacktrace>
              <![CDATA[org.openqa.selenium.NoSuchSessionException: no such session
  (Driver info: chromedriver=2.38.552522 (437e6fbedfa8762dec75e2c5b3ddb86763dc9dcb),platform=Windows NT 10.0.17134 x86_64) (WARNING: The server did not provide any stacktrace information)
Command duration or timeout: 0 milliseconds
Build info: version: '3.13.0', revision: '2f0d292', time: '2018-06-25T15:24:21.231Z'
System info: host: 'YOGESH', ip: '192.168.0.109', os.name: 'Windows 10', os.arch: 'amd64', os.version: '10.0', java.version: '1.8.0_161'
Driver info: org.openqa.selenium.chrome.ChromeDriver
Capabilities {acceptInsecureCerts: false, acceptSslCerts: false, applicationCacheEnabled: false, browserConnectionEnabled: false, browserName: chrome, chrome: {chromedriverVersion: 2.38.552522 (437e6fbedfa876..., userDataDir: C:\Users\Nitesh\AppData\Loc...}, cssSelectorsEnabled: true, databaseEnabled: false, handlesAlerts: true, hasTouchScreen: false, javascriptEnabled: true, locationContextEnabled: true, mobileEmulationEnabled: false, nativeEvents: true, networkConnectionEnabled: false, pageLoadStrategy: normal, platform: XP, platformName: XP, rotatable: false, setWindowRect: true, takesHeapSnapshot: true, takesScreenshot: true, unexpectedAlertBehaviour: , unhandledPromptBehavior: , version: 70.0.3538.102, webStorageEnabled: true}
Session ID: 4ec60c047fdf6a5c0b51ccecf483e155
	at sun.reflect.NativeConstructorAccessorImpl.newInstance0(Native Method)
	at sun.reflect.NativeConstructorAccessorImpl.newInstance(NativeConstructorAccessorImpl.java:62)
	at sun.reflect.DelegatingConstructorAccessorImpl.newInstance(DelegatingConstructorAccessorImpl.java:45)
	at java.lang.reflect.Constructor.newInstance(Constructor.java:423)
	at org.openqa.selenium.remote.ErrorHandler.createThrowable(ErrorHandler.java:214)
	at org.openqa.selenium.remote.ErrorHandler.throwIfResponseFailed(ErrorHandler.java:166)
	at org.openqa.selenium.remote.http.JsonHttpResponseCodec.reconstructValue(JsonHttpResponseCodec.java:40)
	at org.openqa.selenium.remote.http.AbstractHttpResponseCodec.decode(AbstractHttpResponseCodec.java:80)
	at org.openqa.selenium.remote.http.AbstractHttpResponseCodec.decode(AbstractHttpResponseCodec.java:44)
	at org.openqa.selenium.remote.HttpCommandExecutor.execute(HttpCommandExecutor.java:158)
	at org.openqa.selenium.remote.service.DriverCommandExecutor.execute(DriverCommandExecutor.java:83)
	at org.openqa.selenium.remote.RemoteWebDriver.execute(RemoteWebDriver.java:548)
	at org.openqa.selenium.remote.RemoteWebElement.execute(RemoteWebElement.java:276)
	at org.openqa.selenium.remote.RemoteWebElement.getText(RemoteWebElement.java:160)
	at utilities.CommonFunctionalities.getMultipleBulletText(CommonFunctionalities.java:27)
	at utilities.CommonFunctionalities.verifyBulletText(CommonFunctionalities.java:36)
	at com.SeleniumEasy.InputFormTest.verifyBulletPoints_1stBox(InputFormTest.java:73)
	at sun.reflect.NativeMethodAccessorImpl.invoke0(Native Method)
	at sun.reflect.NativeMethodAccessorImpl.invoke(NativeMethodAccessorImpl.java:62)
	at sun.reflect.DelegatingMethodAccessorImpl.invoke(DelegatingMethodAccessorImpl.java:43)
	at java.lang.reflect.Method.invoke(Method.java:498)
	at org.testng.internal.MethodInvocationHelper.invokeMethod(MethodInvocationHelper.java:80)
	at org.testng.internal.Invoker.invokeMethod(Invoker.java:714)
	at org.testng.internal.Invoker.invokeTestMethod(Invoker.java:901)
	at org.testng.internal.Invoker.invokeTestMethods(Invoker.java:1231)
	at org.testng.internal.TestMethodWorker.invokeTestMethods(TestMethodWorker.java:127)
	at org.testng.internal.TestMethodWorker.run(TestMethodWorker.java:111)
	at java.util.concurrent.ThreadPoolExecutor.runWorker(ThreadPoolExecutor.java:1149)
	at java.util.concurrent.ThreadPoolExecutor$Worker.run(ThreadPoolExecutor.java:624)
	at java.lang.Thread.run(Thread.java:748)
]]>
            </full-stacktrace>
          </exception> <!-- org.openqa.selenium.NoSuchSessionException -->
          <reporter-output>
          </reporter-output>
        </test-method> <!-- verifyBulletPoints_1stBox -->
        <test-method status="PASS" signature="methodSetup(java.lang.reflect.Method)[pri:0, instance:com.SeleniumEasy.InputFormTest@97e1986]" name="methodSetup" is-config="true" duration-ms="8292" started-at="2018-11-18T17:40:36Z" finished-at="2018-11-18T17:40:44Z">
          <params>
            <param index="0">
              <value>
                <![CDATA[public void com.SeleniumEasy.InputFormTest.verify1stBlockEnterMessageDisplay() throws java.lang.Exception]]>
              </value>
            </param>
          </params>
          <reporter-output>
          </reporter-output>
        </test-method> <!-- methodSetup -->
        <test-method status="FAIL" signature="teardown(org.testng.ITestResult, java.lang.reflect.Method)[pri:0, instance:com.SeleniumEasy.InputFormTest@97e1986]" name="teardown" is-config="true" duration-ms="0" started-at="2018-11-18T17:40:36Z" finished-at="2018-11-18T17:40:36Z">
          <params>
            <param index="0">
              <value>
                <![CDATA[[TestResult name=verifyBulletPoints_1stBox status=FAILURE method=InputFormTest.verifyBulletPoints_1stBox()[pri:0, instance:com.SeleniumEasy.InputFormTest@97e1986] output={null}]]]>
              </value>
            </param>
            <param index="1">
              <value>
                <![CDATA[public void com.SeleniumEasy.InputFormTest.verifyBulletPoints_1stBox() throws java.lang.Exception]]>
              </value>
            </param>
          </params>
          <exception class="org.openqa.selenium.NoSuchSessionException">
            <message>
              <![CDATA[no such session
  (Driver info: chromedriver=2.38.552522 (437e6fbedfa8762dec75e2c5b3ddb86763dc9dcb),platform=Windows NT 10.0.17134 x86_64) (WARNING: The server did not provide any stacktrace information)
Command duration or timeout: 0 milliseconds
Build info: version: '3.13.0', revision: '2f0d292', time: '2018-06-25T15:24:21.231Z'
System info: host: 'YOGESH', ip: '192.168.0.109', os.name: 'Windows 10', os.arch: 'amd64', os.version: '10.0', java.version: '1.8.0_161'
Driver info: org.openqa.selenium.chrome.ChromeDriver
Capabilities {acceptInsecureCerts: false, acceptSslCerts: false, applicationCacheEnabled: false, browserConnectionEnabled: false, browserName: chrome, chrome: {chromedriverVersion: 2.38.552522 (437e6fbedfa876..., userDataDir: C:\Users\Nitesh\AppData\Loc...}, cssSelectorsEnabled: true, databaseEnabled: false, handlesAlerts: true, hasTouchScreen: false, javascriptEnabled: true, locationContextEnabled: true, mobileEmulationEnabled: false, nativeEvents: true, networkConnectionEnabled: false, pageLoadStrategy: normal, platform: XP, platformName: XP, rotatable: false, setWindowRect: true, takesHeapSnapshot: true, takesScreenshot: true, unexpectedAlertBehaviour: , unhandledPromptBehavior: , version: 70.0.3538.102, webStorageEnabled: true}
Session ID: 4ec60c047fdf6a5c0b51ccecf483e155]]>
            </message>
            <full-stacktrace>
              <![CDATA[org.openqa.selenium.NoSuchSessionException: no such session
  (Driver info: chromedriver=2.38.552522 (437e6fbedfa8762dec75e2c5b3ddb86763dc9dcb),platform=Windows NT 10.0.17134 x86_64) (WARNING: The server did not provide any stacktrace information)
Command duration or timeout: 0 milliseconds
Build info: version: '3.13.0', revision: '2f0d292', time: '2018-06-25T15:24:21.231Z'
System info: host: 'YOGESH', ip: '192.168.0.109', os.name: 'Windows 10', os.arch: 'amd64', os.version: '10.0', java.version: '1.8.0_161'
Driver info: org.openqa.selenium.chrome.ChromeDriver
Capabilities {acceptInsecureCerts: false, acceptSslCerts: false, applicationCacheEnabled: false, browserConnectionEnabled: false, browserName: chrome, chrome: {chromedriverVersion: 2.38.552522 (437e6fbedfa876..., userDataDir: C:\Users\Nitesh\AppData\Loc...}, cssSelectorsEnabled: true, databaseEnabled: false, handlesAlerts: true, hasTouchScreen: false, javascriptEnabled: true, locationContextEnabled: true, mobileEmulationEnabled: false, nativeEvents: true, networkConnectionEnabled: false, pageLoadStrategy: normal, platform: XP, platformName: XP, rotatable: false, setWindowRect: true, takesHeapSnapshot: true, takesScreenshot: true, unexpectedAlertBehaviour: , unhandledPromptBehavior: , version: 70.0.3538.102, webStorageEnabled: true}
Session ID: 4ec60c047fdf6a5c0b51ccecf483e155
	at sun.reflect.NativeConstructorAccessorImpl.newInstance0(Native Method)
	at sun.reflect.NativeConstructorAccessorImpl.newInstance(NativeConstructorAccessorImpl.java:62)
	at sun.reflect.DelegatingConstructorAccessorImpl.newInstance(DelegatingConstructorAccessorImpl.java:45)
	at java.lang.reflect.Constructor.newInstance(Constructor.java:423)
	at org.openqa.selenium.remote.ErrorHandler.createThrowable(ErrorHandler.java:214)
	at org.openqa.selenium.remote.ErrorHandler.throwIfResponseFailed(ErrorHandler.java:166)
	at org.openqa.selenium.remote.http.JsonHttpResponseCodec.reconstructValue(JsonHttpResponseCodec.java:40)
	at org.openqa.selenium.remote.http.AbstractHttpResponseCodec.decode(AbstractHttpResponseCodec.java:80)
	at org.openqa.selenium.remote.http.AbstractHttpResponseCodec.decode(AbstractHttpResponseCodec.java:44)
	at org.openqa.selenium.remote.HttpCommandExecutor.execute(HttpCommandExecutor.java:158)
	at org.openqa.selenium.remote.service.DriverCommandExecutor.execute(DriverCommandExecutor.java:83)
	at org.openqa.selenium.remote.RemoteWebDriver.execute(RemoteWebDriver.java:548)
	at org.openqa.selenium.remote.RemoteWebDriver.execute(RemoteWebDriver.java:605)
	at org.openqa.selenium.remote.RemoteWebDriver.getScreenshotAs(RemoteWebDriver.java:294)
	at baseClass.BaseClassDef.getScreenshot(BaseClassDef.java:76)
	at baseClass.BaseClassDef.teardown(BaseClassDef.java:128)
	at sun.reflect.NativeMethodAccessorImpl.invoke0(Native Method)
	at sun.reflect.NativeMethodAccessorImpl.invoke(NativeMethodAccessorImpl.java:62)
	at sun.reflect.DelegatingMethodAccessorImpl.invoke(DelegatingMethodAccessorImpl.java:43)
	at java.lang.reflect.Method.invoke(Method.java:498)
	at org.testng.internal.MethodInvocationHelper.invokeMethod(MethodInvocationHelper.java:80)
	at org.testng.internal.Invoker.invokeConfigurationMethod(Invoker.java:564)
	at org.testng.internal.Invoker.invokeConfigurations(Invoker.java:213)
	at org.testng.internal.Invoker.invokeMethod(Invoker.java:786)
	at org.testng.internal.Invoker.invokeTestMethod(Invoker.java:901)
	at org.testng.internal.Invoker.invokeTestMethods(Invoker.java:1231)
	at org.testng.internal.TestMethodWorker.invokeTestMethods(TestMethodWorker.java:127)
	at org.testng.internal.TestMethodWorker.run(TestMethodWorker.java:111)
	at java.util.concurrent.ThreadPoolExecutor.runWorker(ThreadPoolExecutor.java:1149)
	at java.util.concurrent.ThreadPoolExecutor$Worker.run(ThreadPoolExecutor.java:624)
	at java.lang.Thread.run(Thread.java:748)
]]>
            </full-stacktrace>
          </exception> <!-- org.openqa.selenium.NoSuchSessionException -->
          <reporter-output>
          </reporter-output>
        </test-method> <!-- teardown -->
        <test-method status="SKIP" signature="teardown(org.testng.ITestResult, java.lang.reflect.Method)[pri:0, instance:com.SeleniumEasy.InputFormTest@97e1986]" name="teardown" is-config="true" duration-ms="0" started-at="2018-11-18T17:40:36Z" finished-at="2018-11-18T17:40:36Z">
          <reporter-output>
          </reporter-output>
        </test-method> <!-- teardown -->
        <test-method status="SKIP" signature="verify2ndBlockSumTotalDisplay()[pri:0, instance:com.SeleniumEasy.InputFormTest@97e1986]" name="verify2ndBlockSumTotalDisplay" duration-ms="0" started-at="2018-11-18T17:40:36Z" finished-at="2018-11-18T17:40:36Z">
          <reporter-output>
          </reporter-output>
        </test-method> <!-- verify2ndBlockSumTotalDisplay -->
        <test-method status="SKIP" signature="methodSetup(java.lang.reflect.Method)[pri:0, instance:com.SeleniumEasy.InputFormTest@97e1986]" name="methodSetup" is-config="true" duration-ms="0" started-at="2018-11-18T17:40:36Z" finished-at="2018-11-18T17:40:36Z">
          <reporter-output>
          </reporter-output>
        </test-method> <!-- methodSetup -->
        <test-method status="SKIP" signature="teardown(org.testng.ITestResult, java.lang.reflect.Method)[pri:0, instance:com.SeleniumEasy.InputFormTest@97e1986]" name="teardown" is-config="true" duration-ms="0" started-at="2018-11-18T17:40:44Z" finished-at="2018-11-18T17:40:44Z">
          <reporter-output>
          </reporter-output>
        </test-method> <!-- teardown -->
        <test-method status="SKIP" signature="verify1stBlockEnterMessageDisplay()[pri:0, instance:com.SeleniumEasy.InputFormTest@97e1986]" name="verify1stBlockEnterMessageDisplay" duration-ms="0" started-at="2018-11-18T17:40:44Z" finished-at="2018-11-18T17:40:44Z">
          <reporter-output>
          </reporter-output>
        </test-method> <!-- verify1stBlockEnterMessageDisplay -->
      </class> <!-- com.SeleniumEasy.InputFormTest -->
      <class name="com.SeleniumEasy.DropdownListTest">
        <test-method status="PASS" signature="suiteSetup()[pri:0, instance:com.SeleniumEasy.DropdownListTest@3551a94]" name="suiteSetup" is-config="true" duration-ms="641" started-at="2018-11-18T17:40:03Z" finished-at="2018-11-18T17:40:04Z">
          <reporter-output>
          </reporter-output>
        </test-method> <!-- suiteSetup -->
        <test-method status="PASS" signature="suiteSetup()[pri:0, instance:com.SeleniumEasy.InputFormTest@97e1986]" name="suiteSetup" is-config="true" duration-ms="94" started-at="2018-11-18T17:40:04Z" finished-at="2018-11-18T17:40:04Z">
          <reporter-output>
          </reporter-output>
        </test-method> <!-- suiteSetup -->
        <test-method status="PASS" signature="methodSetup(java.lang.reflect.Method)[pri:0, instance:com.SeleniumEasy.DropdownListTest@3551a94]" name="methodSetup" is-config="true" duration-ms="29611" started-at="2018-11-18T17:40:04Z" finished-at="2018-11-18T17:40:33Z">
          <params>
            <param index="0">
              <value>
                <![CDATA[public void com.SeleniumEasy.DropdownListTest.select_dropDown_ByVisibleText() throws java.lang.Exception]]>
              </value>
            </param>
          </params>
          <reporter-output>
          </reporter-output>
        </test-method> <!-- methodSetup -->
        <test-method status="FAIL" signature="select_dropDown_ByVisibleText()[pri:0, instance:com.SeleniumEasy.DropdownListTest@3551a94]" name="select_dropDown_ByVisibleText" duration-ms="1128" started-at="2018-11-18T17:40:33Z" finished-at="2018-11-18T17:40:35Z">
          <exception class="java.lang.AssertionError">
            <message>
              <![CDATA[Title text is different expected [This would be your first example on select dropd down list to with Selenium.] but found [This would be your first example to start with Selenium.]]]>
            </message>
            <full-stacktrace>
              <![CDATA[java.lang.AssertionError: Title text is different expected [This would be your first example on select dropd down list to with Selenium.] but found [This would be your first example to start with Selenium.]
	at org.testng.Assert.fail(Assert.java:94)
	at org.testng.Assert.failNotEquals(Assert.java:494)
	at org.testng.Assert.assertEquals(Assert.java:123)
	at org.testng.Assert.assertEquals(Assert.java:176)
	at com.SeleniumEasy.DropdownListTest.select_dropDown_ByVisibleText(DropdownListTest.java:67)
	at sun.reflect.NativeMethodAccessorImpl.invoke0(Native Method)
	at sun.reflect.NativeMethodAccessorImpl.invoke(NativeMethodAccessorImpl.java:62)
	at sun.reflect.DelegatingMethodAccessorImpl.invoke(DelegatingMethodAccessorImpl.java:43)
	at java.lang.reflect.Method.invoke(Method.java:498)
	at org.testng.internal.MethodInvocationHelper.invokeMethod(MethodInvocationHelper.java:80)
	at org.testng.internal.Invoker.invokeMethod(Invoker.java:714)
	at org.testng.internal.Invoker.invokeTestMethod(Invoker.java:901)
	at org.testng.internal.Invoker.invokeTestMethods(Invoker.java:1231)
	at org.testng.internal.TestMethodWorker.invokeTestMethods(TestMethodWorker.java:127)
	at org.testng.internal.TestMethodWorker.run(TestMethodWorker.java:111)
	at java.util.concurrent.ThreadPoolExecutor.runWorker(ThreadPoolExecutor.java:1149)
	at java.util.concurrent.ThreadPoolExecutor$Worker.run(ThreadPoolExecutor.java:624)
	at java.lang.Thread.run(Thread.java:748)
]]>
            </full-stacktrace>
          </exception> <!-- java.lang.AssertionError -->
          <reporter-output>
          </reporter-output>
        </test-method> <!-- select_dropDown_ByVisibleText -->
        <test-method status="PASS" signature="teardown(org.testng.ITestResult, java.lang.reflect.Method)[pri:0, instance:com.SeleniumEasy.DropdownListTest@3551a94]" name="teardown" is-config="true" duration-ms="1212" started-at="2018-11-18T17:40:35Z" finished-at="2018-11-18T17:40:36Z">
          <params>
            <param index="0">
              <value>
                <![CDATA[[TestResult name=select_dropDown_ByVisibleText status=FAILURE method=DropdownListTest.select_dropDown_ByVisibleText()[pri:0, instance:com.SeleniumEasy.DropdownListTest@3551a94] output={null}]]]>
              </value>
            </param>
            <param index="1">
              <value>
                <![CDATA[public void com.SeleniumEasy.DropdownListTest.select_dropDown_ByVisibleText() throws java.lang.Exception]]>
              </value>
            </param>
          </params>
          <reporter-output>
          </reporter-output>
        </test-method> <!-- teardown -->
        <test-method status="SKIP" signature="teardown(org.testng.ITestResult, java.lang.reflect.Method)[pri:0, instance:com.SeleniumEasy.DropdownListTest@3551a94]" name="teardown" is-config="true" duration-ms="0" started-at="2018-11-18T17:40:36Z" finished-at="2018-11-18T17:40:36Z">
          <reporter-output>
          </reporter-output>
        </test-method> <!-- teardown -->
        <test-method status="SKIP" signature="select_dropDown_ByValue()[pri:0, instance:com.SeleniumEasy.DropdownListTest@3551a94]" name="select_dropDown_ByValue" duration-ms="0" started-at="2018-11-18T17:40:36Z" finished-at="2018-11-18T17:40:36Z">
          <reporter-output>
          </reporter-output>
        </test-method> <!-- select_dropDown_ByValue -->
        <test-method status="SKIP" signature="select_multiDropdown_ByVisibleText()[pri:0, instance:com.SeleniumEasy.DropdownListTest@3551a94]" name="select_multiDropdown_ByVisibleText" duration-ms="0" started-at="2018-11-18T17:40:36Z" finished-at="2018-11-18T17:40:36Z">
          <reporter-output>
          </reporter-output>
        </test-method> <!-- select_multiDropdown_ByVisibleText -->
        <test-method status="SKIP" signature="teardown(org.testng.ITestResult, java.lang.reflect.Method)[pri:0, instance:com.SeleniumEasy.DropdownListTest@3551a94]" name="teardown" is-config="true" duration-ms="0" started-at="2018-11-18T17:40:36Z" finished-at="2018-11-18T17:40:36Z">
          <reporter-output>
          </reporter-output>
        </test-method> <!-- teardown -->
        <test-method status="SKIP" signature="methodSetup(java.lang.reflect.Method)[pri:0, instance:com.SeleniumEasy.DropdownListTest@3551a94]" name="methodSetup" is-config="true" duration-ms="0" started-at="2018-11-18T17:40:36Z" finished-at="2018-11-18T17:40:36Z">
          <reporter-output>
          </reporter-output>
        </test-method> <!-- methodSetup -->
        <test-method status="SKIP" signature="methodSetup(java.lang.reflect.Method)[pri:0, instance:com.SeleniumEasy.DropdownListTest@3551a94]" name="methodSetup" is-config="true" duration-ms="0" started-at="2018-11-18T17:40:36Z" finished-at="2018-11-18T17:40:36Z">
          <reporter-output>
          </reporter-output>
        </test-method> <!-- methodSetup -->
        <test-method status="SKIP" signature="reportClose()[pri:0, instance:com.SeleniumEasy.DropdownListTest@3551a94]" name="reportClose" is-config="true" duration-ms="0" started-at="2018-11-18T17:40:44Z" finished-at="2018-11-18T17:40:44Z">
          <reporter-output>
          </reporter-output>
        </test-method> <!-- reportClose -->
      </class> <!-- com.SeleniumEasy.DropdownListTest -->
    </test> <!-- SimpleFormTest1 -->
  </suite> <!-- InputFormSuite -->
</testng-results>
